Attempting to contact Microsoft OneDrive Login Service
Successfully reached Microsoft OneDrive Login Service
Starting a sync with Microsoft OneDrive
Syncing changes from Microsoft OneDrive ...
Sync with Microsoft OneDrive is complete
Attempting to contact Microsoft OneDrive Login Service
Successfully reached Microsoft OneDrive Login Service
Starting a sync with Microsoft OneDrive
Syncing changes from Microsoft OneDrive ...
Sync with Microsoft OneDrive is complete
Attempting to contact Microsoft OneDrive Login Service
Successfully reached Microsoft OneDrive Login Service
Starting a sync with Microsoft OneDrive
Syncing changes from Microsoft OneDrive ...
Sync with Microsoft OneDrive is complete
Attempting to contact Microsoft OneDrive Login Service
Successfully reached Microsoft OneDrive Login Service
Starting a sync with Microsoft OneDrive
Performing a full scan of online data to ensure consistent local state
Fetching items from the OneDrive API for Drive ID: b!P3pJLgEmmUSXl-y1tipXgXPFsXMuxFpMtY82S2tR98dJQEJ8tuhcQ74x-6vrfsls ........ 
Processing 3350 applicable JSON items received from Microsoft OneDrive .. 
Performing a database consistency and integrity check on locally stored data . 
Scanning the local file system '~/OneDrive' for new data to upload . 
Performing a last examination of the most recent online data within Microsoft OneDrive to complete the reconciliation process
Fetching items from the OneDrive API for Drive ID: b!P3pJLgEmmUSXl-y1tipXgXPFsXMuxFpMtY82S2tR98dJQEJ8tuhcQ74x-6vrfsls . 
No changes or items that can be applied were discovered while processing the data received from Microsoft OneDrive
Sync with Microsoft OneDrive is complete
Attempting to contact Microsoft OneDrive Login Service
Successfully reached Microsoft OneDrive Login Service
Starting a sync with Microsoft OneDrive
Syncing changes from Microsoft OneDrive ...
Sync with Microsoft OneDrive is complete
Attempting to contact Microsoft OneDrive Login Service
Successfully reached Microsoft OneDrive Login Service
Starting a sync with Microsoft OneDrive
Syncing changes from Microsoft OneDrive ...
Sync with Microsoft OneDrive is complete
